Added Component: Designator=J1(sip20)
Added Component: Designator=R3(RVR-5)
Added Pin To Net: NetName=+5V Pin=J1-2
Added Pin To Net: NetName=+5V Pin=J1-15
Added Pin To Net: NetName=+5V Pin=J1-17
Added Pin To Net: NetName=+5V Pin=J1-19
Added Pin To Net: NetName=+5V Pin=R3-1
Added Net: Name=+5V
Added Pin To Net: NetName=D0 Pin=J1-7
Added Net: Name=D0
Added Pin To Net: NetName=D1 Pin=J1-8
Added Net: Name=D1
Added Pin To Net: NetName=D2 Pin=J1-9
Added Net: Name=D2
Added Pin To Net: NetName=D3 Pin=J1-10
Added Net: Name=D3
Added Pin To Net: NetName=D4 Pin=J1-11
Added Net: Name=D4
Added Pin To Net: NetName=D5 Pin=J1-12
Added Net: Name=D5
Added Pin To Net: NetName=D6 Pin=J1-13
Added Net: Name=D6
Added Pin To Net: NetName=D7 Pin=J1-14
Added Net: Name=D7
Added Pin To Net: NetName=EN Pin=J1-6
Added Net: Name=EN
Added Pin To Net: NetName=GND Pin=J1-1
Added Pin To Net: NetName=GND Pin=J1-20
Added Pin To Net: NetName=GND Pin=R3-3
Added Net: Name=GND
Added Pin To Net: NetName=NetJ1_3 Pin=J1-3
Added Pin To Net: NetName=NetJ1_3 Pin=R3-2
Added Net: Name=NetJ1_3
Added Pin To Net: NetName=RS Pin=J1-4
Added Net: Name=RS
Added Pin To Net: NetName=RW Pin=J1-5
Added Net: Name=RW
Added Class: Name=12864
Added Room: Name=12864
