Added Component: Designator=P1(27X2DIP)
Added Pin To Net: NetName=RESET Pin=JTAG-15
Added Pin To Net: NetName=PB9 Pin=P1-1
Added Pin To Net: NetName=PB8 Pin=P1-2
Added Pin To Net: NetName=PB7 Pin=P1-3
Added Pin To Net: NetName=PB6 Pin=P1-4
Added Pin To Net: NetName=PB5 Pin=P1-5
Added Pin To Net: NetName=JTRST Pin=P1-6
Added Pin To Net: NetName=JTDO Pin=P1-7
Added Pin To Net: NetName=PG15 Pin=P1-8
Added Pin To Net: NetName=PG14 Pin=P1-9
Added Pin To Net: NetName=PG13 Pin=P1-10
Added Pin To Net: NetName=FSMC NE4 Pin=P1-11
Added Pin To Net: NetName=PG11 Pin=P1-12
Added Pin To Net: NetName=PG10 Pin=P1-13
Added Pin To Net: NetName=PG9 Pin=P1-14
Added Pin To Net: NetName=PD7 Pin=P1-15
Added Pin To Net: NetName=PD6 Pin=P1-16
Added Pin To Net: NetName=FSMC NWE Pin=P1-17
Added Pin To Net: NetName=FSMC NOE Pin=P1-18
Added Pin To Net: NetName=PD3 Pin=P1-19
Added Pin To Net: NetName=PD2 Pin=P1-20
Added Pin To Net: NetName=FSMC D3 Pin=P1-21
Added Pin To Net: NetName=FSMC D2 Pin=P1-22
Added Pin To Net: NetName=PC12 Pin=P1-23
Added Pin To Net: NetName=PC11 Pin=P1-24
Added Pin To Net: NetName=PC10 Pin=P1-25
Added Pin To Net: NetName=JTDI Pin=P1-26
Added Pin To Net: NetName=JTCK Pin=P1-27
Added Pin To Net: NetName=JTMS Pin=P1-28
Added Pin To Net: NetName=PA12 Pin=P1-29
Added Pin To Net: NetName=PA11 Pin=P1-30
Added Pin To Net: NetName=PA8 Pin=P1-31
Added Pin To Net: NetName=PC9 Pin=P1-32
Added Pin To Net: NetName=PC8 Pin=P1-33
Added Pin To Net: NetName=PC7 Pin=P1-34
Added Pin To Net: NetName=PC6 Pin=P1-35
Added Pin To Net: NetName=PG8 Pin=P1-36
Added Pin To Net: NetName=PG7 Pin=P1-37
Added Pin To Net: NetName=PG6 Pin=P1-38
Added Pin To Net: NetName=PG5 Pin=P1-39
Added Pin To Net: NetName=PG4 Pin=P1-40
Added Pin To Net: NetName=PG3 Pin=P1-41
Added Pin To Net: NetName=PG2 Pin=P1-42
Added Pin To Net: NetName=FSMC_D1 Pin=P1-43
Added Pin To Net: NetName=FSMC_D0 Pin=P1-44
Added Pin To Net: NetName=PD13 Pin=P1-45
Added Pin To Net: NetName=PD12 Pin=P1-46
Added Pin To Net: NetName=PD11 Pin=P1-47
Added Pin To Net: NetName=FSMC_D15 Pin=P1-48
Added Pin To Net: NetName=FSMC_D14 Pin=P1-49
Added Pin To Net: NetName=FSMC_D13 Pin=P1-50
Added Pin To Net: NetName=PB15 Pin=P1-51
Added Pin To Net: NetName=PB14 Pin=P1-52
Added Pin To Net: NetName=PB13 Pin=P1-53
Added Pin To Net: NetName=PB12 Pin=P1-54
Added Member To Class: ClassName=STM32最小系统 Member=Component P1 HEADER 27X2
Added Room: Name=STM32最小系统
