Added Component: Designator=AMS1117(SOT-223)
Added Component: Designator=BOOT HEADER(3X2DIP)
Added Component: Designator=BT1(POWER1)
Added Component: Designator=C1(C0805)
Added Component: Designator=C2(C0805)
Added Component: Designator=C3(C0805)
Added Component: Designator=C4(C0805)
Added Component: Designator=C5(C0805)
Added Component: Designator=C6(CAO1)
Added Component: Designator=C7(C0805)
Added Component: Designator=C8(C0805)
Added Component: Designator=C9(C0805)
Added Component: Designator=C10(C0805)
Added Component: Designator=C11(C0805)
Added Component: Designator=C12(C0805)
Added Component: Designator=C13(C0805)
Added Component: Designator=C14(C0805)
Added Component: Designator=C15(CAO1)
Added Component: Designator=C16(C0805)
Added Component: Designator=C17(C0805)
Added Component: Designator=C18(C0805)
Added Component: Designator=C19(C0805)
Added Component: Designator=C20(C0805)
Added Component: Designator=C21(C0805)
Added Component: Designator=C22(C0805)
Added Component: Designator=C23(C0805)
Added Component: Designator=C24(C0805)
Added Component: Designator=C25(C0805)
Added Component: Designator=C26(C0805)
Added Component: Designator=C27(C0805)
Added Component: Designator=C28(C0805)
Added Component: Designator=C29(C0805)
Added Component: Designator=C30(C0805)
Added Component: Designator=CRY1(JZ1)
Added Component: Designator=CRY2(JZ_O1)
Added Component: Designator=CRY3(JZ1)
Added Component: Designator=D1(DIODE0.4)
Added Component: Designator=D2(DIODE0.4)
Added Component: Designator=D3(DIODE0.4)
Added Component: Designator=HEADER 2X2(2X2DIP)
Added Component: Designator=J1(sip-2)
Added Component: Designator=JTAG(10x2DIP)
Added Component: Designator=P1(27X2DIP)
Added Component: Designator=P2(27X2DIP)
Added Component: Designator=R1(R0805)
Added Component: Designator=R2(R0805)
Added Component: Designator=R3(R0805)
Added Component: Designator=R4(R0805)
Added Component: Designator=R5(R0805)
Added Component: Designator=R6(R0805)
Added Component: Designator=R7(R0805)
Added Component: Designator=R8(R0805)
Added Component: Designator=R9(R0805)
Added Component: Designator=R10(R0805)
Added Component: Designator=R11(R0805)
Added Component: Designator=R12(R0805)
Added Component: Designator=R13(R0805)
Added Component: Designator=R14(R0805)
Added Component: Designator=R15(R0805)
Added Component: Designator=R16(R0805)
Added Component: Designator=R17(R0805)
Added Component: Designator=R18(R0805)
Added Component: Designator=RESET(按键 15mm*15mm)
Added Component: Designator=T1(TO-92)
Added Component: Designator=TFT 2.8'(17X2DIP)
Added Component: Designator=U1(LQFN144)
Added Component: Designator=U2(SOP16)
Added Component: Designator=USB232(USB_mini_B)
Added Component: Designator=USB HEADER(2X2DIP)
Added Component: Designator=USB(USB_mini_B)
Added Component: Designator=V1(TO-92)
Added Component: Designator=VREF HEADER(2X2DIP)
Added Pin To Net: NetName=BOOT0 Pin=R4-1
Added Pin To Net: NetName=BOOT0 Pin=R12-1
Added Pin To Net: NetName=BOOT0 Pin=U1-138
Added Net: Name=BOOT0
Added Pin To Net: NetName=BOOT1 Pin=P2-35
Added Pin To Net: NetName=BOOT1 Pin=R13-2
Added Pin To Net: NetName=BOOT1 Pin=TFT 2.8'-33
Added Pin To Net: NetName=BOOT1 Pin=U1-48
Added Net: Name=BOOT1
Added Pin To Net: NetName=CH340 D+ Pin=U2-5
Added Pin To Net: NetName=CH340 D+ Pin=USB232-3
Added Net: Name=CH340 D+
Added Pin To Net: NetName=CH340 D- Pin=U2-6
Added Pin To Net: NetName=CH340 D- Pin=USB232-2
Added Net: Name=CH340 D-
Added Pin To Net: NetName=FSMC_D0 Pin=P1-44
Added Pin To Net: NetName=FSMC_D0 Pin=U1-85
Added Net: Name=FSMC_D0
Added Pin To Net: NetName=FSMC_D1 Pin=P1-43
Added Pin To Net: NetName=FSMC_D1 Pin=U1-86
Added Net: Name=FSMC_D1
Added Pin To Net: NetName=FSMC_D13 Pin=P1-50
Added Pin To Net: NetName=FSMC_D13 Pin=U1-77
Added Net: Name=FSMC_D13
Added Pin To Net: NetName=FSMC_D14 Pin=P1-49
Added Pin To Net: NetName=FSMC_D14 Pin=U1-78
Added Net: Name=FSMC_D14
Added Pin To Net: NetName=FSMC_D15 Pin=P1-48
Added Pin To Net: NetName=FSMC_D15 Pin=U1-79
Added Net: Name=FSMC_D15
Added Pin To Net: NetName=FSMC A10 Pin=P2-41
Added Pin To Net: NetName=FSMC A10 Pin=TFT 2.8'-2
Added Pin To Net: NetName=FSMC A10 Pin=U1-56
Added Net: Name=FSMC A10
Added Pin To Net: NetName=FSMC D0 Pin=TFT 2.8'-6
Added Net: Name=FSMC D0
Added Pin To Net: NetName=FSMC D1 Pin=TFT 2.8'-7
Added Net: Name=FSMC D1
Added Pin To Net: NetName=FSMC D2 Pin=P1-22
Added Pin To Net: NetName=FSMC D2 Pin=TFT 2.8'-8
Added Pin To Net: NetName=FSMC D2 Pin=U1-114
Added Net: Name=FSMC D2
Added Pin To Net: NetName=FSMC D3 Pin=P1-21
Added Pin To Net: NetName=FSMC D3 Pin=TFT 2.8'-9
Added Pin To Net: NetName=FSMC D3 Pin=U1-115
Added Net: Name=FSMC D3
Added Pin To Net: NetName=FSMC D4 Pin=P2-43
Added Pin To Net: NetName=FSMC D4 Pin=TFT 2.8'-10
Added Pin To Net: NetName=FSMC D4 Pin=U1-58
Added Net: Name=FSMC D4
Added Pin To Net: NetName=FSMC D5 Pin=P2-46
Added Pin To Net: NetName=FSMC D5 Pin=TFT 2.8'-11
Added Pin To Net: NetName=FSMC D5 Pin=U1-59
Added Net: Name=FSMC D5
Added Pin To Net: NetName=FSMC D6 Pin=P2-45
Added Pin To Net: NetName=FSMC D6 Pin=TFT 2.8'-12
Added Pin To Net: NetName=FSMC D6 Pin=U1-60
Added Net: Name=FSMC D6
Added Pin To Net: NetName=FSMC D7 Pin=P2-48
Added Pin To Net: NetName=FSMC D7 Pin=TFT 2.8'-13
Added Pin To Net: NetName=FSMC D7 Pin=U1-63
Added Net: Name=FSMC D7
Added Pin To Net: NetName=FSMC D8 Pin=P2-47
Added Pin To Net: NetName=FSMC D8 Pin=TFT 2.8'-14
Added Pin To Net: NetName=FSMC D8 Pin=U1-64
Added Net: Name=FSMC D8
Added Pin To Net: NetName=FSMC D9 Pin=P2-50
Added Pin To Net: NetName=FSMC D9 Pin=TFT 2.8'-15
Added Pin To Net: NetName=FSMC D9 Pin=U1-65
Added Net: Name=FSMC D9
Added Pin To Net: NetName=FSMC D10 Pin=P2-49
Added Pin To Net: NetName=FSMC D10 Pin=TFT 2.8'-16
Added Pin To Net: NetName=FSMC D10 Pin=U1-66
Added Net: Name=FSMC D10
Added Pin To Net: NetName=FSMC D11 Pin=P2-52
Added Pin To Net: NetName=FSMC D11 Pin=TFT 2.8'-17
Added Pin To Net: NetName=FSMC D11 Pin=U1-67
Added Net: Name=FSMC D11
Added Pin To Net: NetName=FSMC D12 Pin=P2-51
Added Pin To Net: NetName=FSMC D12 Pin=TFT 2.8'-18
Added Pin To Net: NetName=FSMC D12 Pin=U1-68
Added Net: Name=FSMC D12
Added Pin To Net: NetName=FSMC D13 Pin=TFT 2.8'-19
Added Net: Name=FSMC D13
Added Pin To Net: NetName=FSMC D14 Pin=TFT 2.8'-20
Added Net: Name=FSMC D14
Added Pin To Net: NetName=FSMC D15 Pin=TFT 2.8'-21
Added Net: Name=FSMC D15
Added Pin To Net: NetName=FSMC NE4 Pin=P1-11
Added Pin To Net: NetName=FSMC NE4 Pin=TFT 2.8'-1
Added Pin To Net: NetName=FSMC NE4 Pin=U1-127
Added Net: Name=FSMC NE4
Added Pin To Net: NetName=FSMC NOE Pin=P1-18
Added Pin To Net: NetName=FSMC NOE Pin=TFT 2.8'-4
Added Pin To Net: NetName=FSMC NOE Pin=U1-118
Added Net: Name=FSMC NOE
Added Pin To Net: NetName=FSMC NWE Pin=P1-17
Added Pin To Net: NetName=FSMC NWE Pin=TFT 2.8'-3
Added Pin To Net: NetName=FSMC NWE Pin=U1-119
Added Net: Name=FSMC NWE
Added Pin To Net: NetName=GND Pin=AMS1117-1
Added Pin To Net: NetName=GND Pin=BOOT HEADER-5
Added Pin To Net: NetName=GND Pin=BOOT HEADER-6
Added Pin To Net: NetName=GND Pin=BT1-2
Added Pin To Net: NetName=GND Pin=C1-1
Added Pin To Net: NetName=GND Pin=C2-1
Added Pin To Net: NetName=GND Pin=C3-2
Added Pin To Net: NetName=GND Pin=C4-2
Added Pin To Net: NetName=GND Pin=C5-2
Added Pin To Net: NetName=GND Pin=C6-2
Added Pin To Net: NetName=GND Pin=C7-1
Added Pin To Net: NetName=GND Pin=C8-1
Added Pin To Net: NetName=GND Pin=C9-1
Added Pin To Net: NetName=GND Pin=C10-1
Added Pin To Net: NetName=GND Pin=C11-1
Added Pin To Net: NetName=GND Pin=C12-1
Added Pin To Net: NetName=GND Pin=C13-1
Added Pin To Net: NetName=GND Pin=C14-1
Added Pin To Net: NetName=GND Pin=C15-2
Added Pin To Net: NetName=GND Pin=C16-1
Added Pin To Net: NetName=GND Pin=C17-1
Added Pin To Net: NetName=GND Pin=C18-1
Added Pin To Net: NetName=GND Pin=C19-1
Added Pin To Net: NetName=GND Pin=C20-1
Added Pin To Net: NetName=GND Pin=C21-1
Added Pin To Net: NetName=GND Pin=C22-1
Added Pin To Net: NetName=GND Pin=C23-1
Added Pin To Net: NetName=GND Pin=C24-1
Added Pin To Net: NetName=GND Pin=C25-1
Added Pin To Net: NetName=GND Pin=C26-1
Added Pin To Net: NetName=GND Pin=C27-1
Added Pin To Net: NetName=GND Pin=C28-1
Added Pin To Net: NetName=GND Pin=C29-1
Added Pin To Net: NetName=GND Pin=C30-1
Added Pin To Net: NetName=GND Pin=JTAG-4
Added Pin To Net: NetName=GND Pin=JTAG-6
Added Pin To Net: NetName=GND Pin=JTAG-8
Added Pin To Net: NetName=GND Pin=JTAG-10
Added Pin To Net: NetName=GND Pin=JTAG-12
Added Pin To Net: NetName=GND Pin=JTAG-14
Added Pin To Net: NetName=GND Pin=JTAG-16
Added Pin To Net: NetName=GND Pin=JTAG-18
Added Pin To Net: NetName=GND Pin=JTAG-20
Added Pin To Net: NetName=GND Pin=R18-1
Added Pin To Net: NetName=GND Pin=RESET-2
Added Pin To Net: NetName=GND Pin=RESET-2
Added Pin To Net: NetName=GND Pin=TFT 2.8'-22
Added Pin To Net: NetName=GND Pin=TFT 2.8'-26
Added Pin To Net: NetName=GND Pin=TFT 2.8'-27
Added Pin To Net: NetName=GND Pin=U1-16
Added Pin To Net: NetName=GND Pin=U1-30
Added Pin To Net: NetName=GND Pin=U1-38
Added Pin To Net: NetName=GND Pin=U1-51
Added Pin To Net: NetName=GND Pin=U1-61
Added Pin To Net: NetName=GND Pin=U1-71
Added Pin To Net: NetName=GND Pin=U1-83
Added Pin To Net: NetName=GND Pin=U1-94
Added Pin To Net: NetName=GND Pin=U1-107
Added Pin To Net: NetName=GND Pin=U1-120
Added Pin To Net: NetName=GND Pin=U1-130
Added Pin To Net: NetName=GND Pin=U1-143
Added Pin To Net: NetName=GND Pin=U2-1
Added Pin To Net: NetName=GND Pin=USB232-5
Added Pin To Net: NetName=GND Pin=USB-5
Added Pin To Net: NetName=GND Pin=VREF HEADER-4
Added Net: Name=GND
Added Pin To Net: NetName=JTCK Pin=JTAG-9
Added Pin To Net: NetName=JTCK Pin=P1-27
Added Pin To Net: NetName=JTCK Pin=R18-2
Added Pin To Net: NetName=JTCK Pin=U1-109
Added Net: Name=JTCK
Added Pin To Net: NetName=JTDI Pin=JTAG-5
Added Pin To Net: NetName=JTDI Pin=P1-26
Added Pin To Net: NetName=JTDI Pin=R15-1
Added Pin To Net: NetName=JTDI Pin=U1-110
Added Net: Name=JTDI
Added Pin To Net: NetName=JTDO Pin=JTAG-13
Added Pin To Net: NetName=JTDO Pin=P1-7
Added Pin To Net: NetName=JTDO Pin=R17-1
Added Pin To Net: NetName=JTDO Pin=U1-133
Added Net: Name=JTDO
Added Pin To Net: NetName=JTMS Pin=JTAG-7
Added Pin To Net: NetName=JTMS Pin=P1-28
Added Pin To Net: NetName=JTMS Pin=R16-1
Added Pin To Net: NetName=JTMS Pin=U1-105
Added Net: Name=JTMS
Added Pin To Net: NetName=JTRST Pin=JTAG-3
Added Pin To Net: NetName=JTRST Pin=P1-6
Added Pin To Net: NetName=JTRST Pin=R14-1
Added Pin To Net: NetName=JTRST Pin=U1-134
Added Net: Name=JTRST
Added Pin To Net: NetName=LCD BL Pin=P2-33
Added Pin To Net: NetName=LCD BL Pin=TFT 2.8'-23
Added Pin To Net: NetName=LCD BL Pin=U1-46
Added Net: Name=LCD BL
Added Pin To Net: NetName=NetBOOT HEADER_3 Pin=BOOT HEADER-3
Added Pin To Net: NetName=NetBOOT HEADER_3 Pin=R12-2
Added Net: Name=NetBOOT HEADER_3
Added Pin To Net: NetName=NetBOOT HEADER_4 Pin=BOOT HEADER-4
Added Pin To Net: NetName=NetBOOT HEADER_4 Pin=R13-1
Added Net: Name=NetBOOT HEADER_4
Added Pin To Net: NetName=NetBT1_1 Pin=BT1-1
Added Pin To Net: NetName=NetBT1_1 Pin=D3-1
Added Net: Name=NetBT1_1
Added Pin To Net: NetName=NetC3_1 Pin=C3-1
Added Pin To Net: NetName=NetC3_1 Pin=U2-4
Added Net: Name=NetC3_1
Added Pin To Net: NetName=NetC4_1 Pin=C4-1
Added Pin To Net: NetName=NetC4_1 Pin=CRY1-1
Added Pin To Net: NetName=NetC4_1 Pin=U2-8
Added Net: Name=NetC4_1
Added Pin To Net: NetName=NetC5_1 Pin=C5-1
Added Pin To Net: NetName=NetC5_1 Pin=CRY1-2
Added Pin To Net: NetName=NetC5_1 Pin=U2-7
Added Net: Name=NetC5_1
Added Pin To Net: NetName=NetC9_2 Pin=C9-2
Added Pin To Net: NetName=NetC9_2 Pin=CRY2-1
Added Pin To Net: NetName=NetC9_2 Pin=U1-8
Added Net: Name=NetC9_2
Added Pin To Net: NetName=NetC10_2 Pin=C10-2
Added Pin To Net: NetName=NetC10_2 Pin=CRY2-2
Added Pin To Net: NetName=NetC10_2 Pin=U1-9
Added Net: Name=NetC10_2
Added Pin To Net: NetName=NetC11_2 Pin=C11-2
Added Pin To Net: NetName=NetC11_2 Pin=CRY3-1
Added Pin To Net: NetName=NetC11_2 Pin=R9-2
Added Pin To Net: NetName=NetC11_2 Pin=U1-23
Added Net: Name=NetC11_2
Added Pin To Net: NetName=NetC12_2 Pin=C12-2
Added Pin To Net: NetName=NetC12_2 Pin=D2-2
Added Pin To Net: NetName=NetC12_2 Pin=D3-2
Added Pin To Net: NetName=NetC12_2 Pin=U1-6
Added Net: Name=NetC12_2
Added Pin To Net: NetName=NetC14_2 Pin=C14-2
Added Pin To Net: NetName=NetC14_2 Pin=CRY3-2
Added Pin To Net: NetName=NetC14_2 Pin=R9-1
Added Pin To Net: NetName=NetC14_2 Pin=U1-24
Added Net: Name=NetC14_2
Added Pin To Net: NetName=NetD1_2 Pin=D1-2
Added Pin To Net: NetName=NetD1_2 Pin=R1-2
Added Pin To Net: NetName=NetD1_2 Pin=T1-3
Added Net: Name=NetD1_2
Added Pin To Net: NetName=NetJ1_1 Pin=J1-1
Added Pin To Net: NetName=NetJ1_1 Pin=R10-2
Added Net: Name=NetJ1_1
Added Pin To Net: NetName=NetR2_1 Pin=R2-1
Added Pin To Net: NetName=NetR2_1 Pin=U2-13
Added Net: Name=NetR2_1
Added Pin To Net: NetName=NetR2_2 Pin=R2-2
Added Pin To Net: NetName=NetR2_2 Pin=T1-2
Added Net: Name=NetR2_2
Added Pin To Net: NetName=NetR3_1 Pin=R3-1
Added Pin To Net: NetName=NetR3_1 Pin=T1-1
Added Pin To Net: NetName=NetR3_1 Pin=U2-14
Added Net: Name=NetR3_1
Added Pin To Net: NetName=NetR3_2 Pin=R3-2
Added Pin To Net: NetName=NetR3_2 Pin=V1-2
Added Net: Name=NetR3_2
Added Pin To Net: NetName=NetR4_2 Pin=R4-2
Added Pin To Net: NetName=NetR4_2 Pin=V1-3
Added Net: Name=NetR4_2
Added Pin To Net: NetName=NetR5_1 Pin=R5-1
Added Pin To Net: NetName=NetR5_1 Pin=USB-2
Added Net: Name=NetR5_1
Added Pin To Net: NetName=NetR5_2 Pin=R5-2
Added Pin To Net: NetName=NetR5_2 Pin=USB HEADER-4
Added Net: Name=NetR5_2
Added Pin To Net: NetName=NetR6_2 Pin=R6-2
Added Pin To Net: NetName=NetR6_2 Pin=R7-2
Added Pin To Net: NetName=NetR6_2 Pin=USB HEADER-3
Added Net: Name=NetR6_2
Added Pin To Net: NetName=NetR7_1 Pin=R7-1
Added Pin To Net: NetName=NetR7_1 Pin=USB-3
Added Net: Name=NetR7_1
Added Pin To Net: NetName=PA0 Pin=P2-23
Added Pin To Net: NetName=PA0 Pin=U1-34
Added Net: Name=PA0
Added Pin To Net: NetName=PA1 Pin=P2-26
Added Pin To Net: NetName=PA1 Pin=U1-35
Added Net: Name=PA1
Added Pin To Net: NetName=PA2 Pin=P2-25
Added Pin To Net: NetName=PA2 Pin=U1-36
Added Net: Name=PA2
Added Pin To Net: NetName=PA3 Pin=P2-28
Added Pin To Net: NetName=PA3 Pin=U1-37
Added Net: Name=PA3
Added Pin To Net: NetName=PA4 Pin=P2-27
Added Pin To Net: NetName=PA4 Pin=U1-40
Added Net: Name=PA4
Added Pin To Net: NetName=PA5 Pin=P2-30
Added Pin To Net: NetName=PA5 Pin=U1-41
Added Net: Name=PA5
Added Pin To Net: NetName=PA6 Pin=P2-29
Added Pin To Net: NetName=PA6 Pin=U1-42
Added Net: Name=PA6
Added Pin To Net: NetName=PA7 Pin=P2-32
Added Pin To Net: NetName=PA7 Pin=U1-43
Added Net: Name=PA7
Added Pin To Net: NetName=PA8 Pin=P1-31
Added Pin To Net: NetName=PA8 Pin=U1-100
Added Net: Name=PA8
Added Pin To Net: NetName=PA9 Pin=HEADER 2X2-3
Added Pin To Net: NetName=PA9 Pin=HEADER 2X2-4
Added Pin To Net: NetName=PA9 Pin=U1-101
Added Net: Name=PA9
Added Pin To Net: NetName=PA10 Pin=U1-102
Added Net: Name=PA10
Added Pin To Net: NetName=PA11 Pin=P1-30
Added Pin To Net: NetName=PA11 Pin=U1-103
Added Net: Name=PA11
Added Pin To Net: NetName=PA12 Pin=P1-29
Added Pin To Net: NetName=PA12 Pin=U1-104
Added Net: Name=PA12
Added Pin To Net: NetName=PB1 Pin=P2-36
Added Pin To Net: NetName=PB1 Pin=TFT 2.8'-34
Added Pin To Net: NetName=PB1 Pin=U1-47
Added Net: Name=PB1
Added Pin To Net: NetName=PB5 Pin=P1-5
Added Pin To Net: NetName=PB5 Pin=U1-135
Added Net: Name=PB5
Added Pin To Net: NetName=PB6 Pin=P1-4
Added Pin To Net: NetName=PB6 Pin=U1-136
Added Net: Name=PB6
Added Pin To Net: NetName=PB7 Pin=P1-3
Added Pin To Net: NetName=PB7 Pin=U1-137
Added Net: Name=PB7
Added Pin To Net: NetName=PB8 Pin=P1-2
Added Pin To Net: NetName=PB8 Pin=U1-139
Added Net: Name=PB8
Added Pin To Net: NetName=PB9 Pin=P1-1
Added Pin To Net: NetName=PB9 Pin=U1-140
Added Net: Name=PB9
Added Pin To Net: NetName=PB10 Pin=P2-54
Added Pin To Net: NetName=PB10 Pin=U1-69
Added Net: Name=PB10
Added Pin To Net: NetName=PB11 Pin=P2-53
Added Pin To Net: NetName=PB11 Pin=U1-70
Added Pin To Net: NetName=PB11 Pin=USB HEADER-2
Added Net: Name=PB11
Added Pin To Net: NetName=PB12 Pin=P1-54
Added Pin To Net: NetName=PB12 Pin=U1-73
Added Pin To Net: NetName=PB12 Pin=USB HEADER-1
Added Net: Name=PB12
Added Pin To Net: NetName=PB13 Pin=P1-53
Added Pin To Net: NetName=PB13 Pin=U1-74
Added Net: Name=PB13
Added Pin To Net: NetName=PB14 Pin=P1-52
Added Pin To Net: NetName=PB14 Pin=U1-75
Added Net: Name=PB14
Added Pin To Net: NetName=PB15 Pin=P1-51
Added Pin To Net: NetName=PB15 Pin=U1-76
Added Net: Name=PB15
Added Pin To Net: NetName=PC0 Pin=P2-19
Added Pin To Net: NetName=PC0 Pin=U1-26
Added Net: Name=PC0
Added Pin To Net: NetName=PC1 Pin=P2-22
Added Pin To Net: NetName=PC1 Pin=U1-27
Added Net: Name=PC1
Added Pin To Net: NetName=PC2 Pin=P2-21
Added Pin To Net: NetName=PC2 Pin=U1-28
Added Net: Name=PC2
Added Pin To Net: NetName=PC3 Pin=P2-24
Added Pin To Net: NetName=PC3 Pin=U1-29
Added Net: Name=PC3
Added Pin To Net: NetName=PC4 Pin=P2-31
Added Pin To Net: NetName=PC4 Pin=U1-44
Added Net: Name=PC4
Added Pin To Net: NetName=PC5 Pin=P2-34
Added Pin To Net: NetName=PC5 Pin=U1-45
Added Net: Name=PC5
Added Pin To Net: NetName=PC6 Pin=P1-35
Added Pin To Net: NetName=PC6 Pin=U1-96
Added Net: Name=PC6
Added Pin To Net: NetName=PC7 Pin=P1-34
Added Pin To Net: NetName=PC7 Pin=U1-97
Added Net: Name=PC7
Added Pin To Net: NetName=PC8 Pin=P1-33
Added Pin To Net: NetName=PC8 Pin=U1-98
Added Net: Name=PC8
Added Pin To Net: NetName=PC9 Pin=P1-32
Added Pin To Net: NetName=PC9 Pin=U1-99
Added Net: Name=PC9
Added Pin To Net: NetName=PC10 Pin=P1-25
Added Pin To Net: NetName=PC10 Pin=U1-111
Added Net: Name=PC10
Added Pin To Net: NetName=PC11 Pin=P1-24
Added Pin To Net: NetName=PC11 Pin=U1-112
Added Net: Name=PC11
Added Pin To Net: NetName=PC12 Pin=P1-23
Added Pin To Net: NetName=PC12 Pin=U1-113
Added Net: Name=PC12
Added Pin To Net: NetName=PC13 Pin=P2-7
Added Pin To Net: NetName=PC13 Pin=U1-7
Added Net: Name=PC13
Added Pin To Net: NetName=PD2 Pin=P1-20
Added Pin To Net: NetName=PD2 Pin=U1-116
Added Net: Name=PD2
Added Pin To Net: NetName=PD3 Pin=P1-19
Added Pin To Net: NetName=PD3 Pin=U1-117
Added Net: Name=PD3
Added Pin To Net: NetName=PD6 Pin=P1-16
Added Pin To Net: NetName=PD6 Pin=U1-122
Added Net: Name=PD6
Added Pin To Net: NetName=PD7 Pin=P1-15
Added Pin To Net: NetName=PD7 Pin=U1-123
Added Net: Name=PD7
Added Pin To Net: NetName=PD11 Pin=P1-47
Added Pin To Net: NetName=PD11 Pin=U1-80
Added Net: Name=PD11
Added Pin To Net: NetName=PD12 Pin=P1-46
Added Pin To Net: NetName=PD12 Pin=U1-81
Added Net: Name=PD12
Added Pin To Net: NetName=PD13 Pin=P1-45
Added Pin To Net: NetName=PD13 Pin=U1-82
Added Net: Name=PD13
Added Pin To Net: NetName=PE0 Pin=P2-2
Added Pin To Net: NetName=PE0 Pin=U1-141
Added Net: Name=PE0
Added Pin To Net: NetName=PE1 Pin=P2-1
Added Pin To Net: NetName=PE1 Pin=U1-142
Added Net: Name=PE1
Added Pin To Net: NetName=PE2 Pin=P2-4
Added Pin To Net: NetName=PE2 Pin=U1-1
Added Net: Name=PE2
Added Pin To Net: NetName=PE3 Pin=P2-3
Added Pin To Net: NetName=PE3 Pin=U1-2
Added Net: Name=PE3
Added Pin To Net: NetName=PE4 Pin=P2-6
Added Pin To Net: NetName=PE4 Pin=U1-3
Added Net: Name=PE4
Added Pin To Net: NetName=PE5 Pin=P2-5
Added Pin To Net: NetName=PE5 Pin=U1-4
Added Net: Name=PE5
Added Pin To Net: NetName=PE6 Pin=P2-8
Added Pin To Net: NetName=PE6 Pin=U1-5
Added Net: Name=PE6
Added Pin To Net: NetName=PF0 Pin=P2-10
Added Pin To Net: NetName=PF0 Pin=U1-10
Added Net: Name=PF0
Added Pin To Net: NetName=PF1 Pin=P2-9
Added Pin To Net: NetName=PF1 Pin=U1-11
Added Net: Name=PF1
Added Pin To Net: NetName=PF2 Pin=P2-12
Added Pin To Net: NetName=PF2 Pin=U1-12
Added Net: Name=PF2
Added Pin To Net: NetName=PF3 Pin=P2-11
Added Pin To Net: NetName=PF3 Pin=U1-13
Added Net: Name=PF3
Added Pin To Net: NetName=PF4 Pin=P2-14
Added Pin To Net: NetName=PF4 Pin=U1-14
Added Net: Name=PF4
Added Pin To Net: NetName=PF5 Pin=P2-13
Added Pin To Net: NetName=PF5 Pin=U1-15
Added Net: Name=PF5
Added Pin To Net: NetName=PF6 Pin=P2-16
Added Pin To Net: NetName=PF6 Pin=U1-18
Added Net: Name=PF6
Added Pin To Net: NetName=PF7 Pin=P2-15
Added Pin To Net: NetName=PF7 Pin=U1-19
Added Net: Name=PF7
Added Pin To Net: NetName=PF8 Pin=P2-18
Added Pin To Net: NetName=PF8 Pin=TFT 2.8'-29
Added Pin To Net: NetName=PF8 Pin=U1-20
Added Net: Name=PF8
Added Pin To Net: NetName=PF9 Pin=P2-17
Added Pin To Net: NetName=PF9 Pin=TFT 2.8'-30
Added Pin To Net: NetName=PF9 Pin=U1-21
Added Net: Name=PF9
Added Pin To Net: NetName=PF10 Pin=P2-20
Added Pin To Net: NetName=PF10 Pin=TFT 2.8'-31
Added Pin To Net: NetName=PF10 Pin=U1-22
Added Net: Name=PF10
Added Pin To Net: NetName=PF11 Pin=P2-38
Added Pin To Net: NetName=PF11 Pin=U1-49
Added Net: Name=PF11
Added Pin To Net: NetName=PF12 Pin=P2-37
Added Pin To Net: NetName=PF12 Pin=U1-50
Added Net: Name=PF12
Added Pin To Net: NetName=PF13 Pin=P2-40
Added Pin To Net: NetName=PF13 Pin=U1-53
Added Net: Name=PF13
Added Pin To Net: NetName=PF14 Pin=P2-39
Added Pin To Net: NetName=PF14 Pin=U1-54
Added Net: Name=PF14
Added Pin To Net: NetName=PF15 Pin=P2-42
Added Pin To Net: NetName=PF15 Pin=U1-55
Added Net: Name=PF15
Added Pin To Net: NetName=PG1 Pin=P2-44
Added Pin To Net: NetName=PG1 Pin=U1-57
Added Net: Name=PG1
Added Pin To Net: NetName=PG2 Pin=P1-42
Added Pin To Net: NetName=PG2 Pin=U1-87
Added Net: Name=PG2
Added Pin To Net: NetName=PG3 Pin=P1-41
Added Pin To Net: NetName=PG3 Pin=U1-88
Added Net: Name=PG3
Added Pin To Net: NetName=PG4 Pin=P1-40
Added Pin To Net: NetName=PG4 Pin=U1-89
Added Net: Name=PG4
Added Pin To Net: NetName=PG5 Pin=P1-39
Added Pin To Net: NetName=PG5 Pin=U1-90
Added Net: Name=PG5
Added Pin To Net: NetName=PG6 Pin=P1-38
Added Pin To Net: NetName=PG6 Pin=U1-91
Added Net: Name=PG6
Added Pin To Net: NetName=PG7 Pin=P1-37
Added Pin To Net: NetName=PG7 Pin=U1-92
Added Net: Name=PG7
Added Pin To Net: NetName=PG8 Pin=P1-36
Added Pin To Net: NetName=PG8 Pin=U1-93
Added Net: Name=PG8
Added Pin To Net: NetName=PG9 Pin=P1-14
Added Pin To Net: NetName=PG9 Pin=U1-124
Added Net: Name=PG9
Added Pin To Net: NetName=PG10 Pin=P1-13
Added Pin To Net: NetName=PG10 Pin=U1-125
Added Net: Name=PG10
Added Pin To Net: NetName=PG11 Pin=P1-12
Added Pin To Net: NetName=PG11 Pin=U1-126
Added Net: Name=PG11
Added Pin To Net: NetName=PG13 Pin=P1-10
Added Pin To Net: NetName=PG13 Pin=U1-128
Added Net: Name=PG13
Added Pin To Net: NetName=PG14 Pin=P1-9
Added Pin To Net: NetName=PG14 Pin=U1-129
Added Net: Name=PG14
Added Pin To Net: NetName=PG15 Pin=P1-8
Added Pin To Net: NetName=PG15 Pin=U1-132
Added Net: Name=PG15
Added Pin To Net: NetName=RESET Pin=C13-2
Added Pin To Net: NetName=RESET Pin=D1-1
Added Pin To Net: NetName=RESET Pin=JTAG-15
Added Pin To Net: NetName=RESET Pin=R8-1
Added Pin To Net: NetName=RESET Pin=RESET-2
Added Pin To Net: NetName=RESET Pin=RESET-2
Added Pin To Net: NetName=RESET Pin=TFT 2.8'-5
Added Pin To Net: NetName=RESET Pin=U1-25
Added Net: Name=RESET
Added Pin To Net: NetName=RXD Pin=U2-3
Added Net: Name=RXD
Added Pin To Net: NetName=TXD Pin=HEADER 2X2-1
Added Pin To Net: NetName=TXD Pin=HEADER 2X2-2
Added Pin To Net: NetName=TXD Pin=U2-2
Added Net: Name=TXD
Added Pin To Net: NetName=VCC3.3 Pin=AMS1117-2
Added Pin To Net: NetName=VCC3.3 Pin=BOOT HEADER-1
Added Pin To Net: NetName=VCC3.3 Pin=BOOT HEADER-2
Added Pin To Net: NetName=VCC3.3 Pin=C7-2
Added Pin To Net: NetName=VCC3.3 Pin=C15-1
Added Pin To Net: NetName=VCC3.3 Pin=C17-2
Added Pin To Net: NetName=VCC3.3 Pin=C20-2
Added Pin To Net: NetName=VCC3.3 Pin=C21-2
Added Pin To Net: NetName=VCC3.3 Pin=C22-2
Added Pin To Net: NetName=VCC3.3 Pin=C23-2
Added Pin To Net: NetName=VCC3.3 Pin=C24-2
Added Pin To Net: NetName=VCC3.3 Pin=C25-2
Added Pin To Net: NetName=VCC3.3 Pin=C26-2
Added Pin To Net: NetName=VCC3.3 Pin=C27-2
Added Pin To Net: NetName=VCC3.3 Pin=C28-2
Added Pin To Net: NetName=VCC3.3 Pin=C29-2
Added Pin To Net: NetName=VCC3.3 Pin=C30-2
Added Pin To Net: NetName=VCC3.3 Pin=D2-1
Added Pin To Net: NetName=VCC3.3 Pin=JTAG-1
Added Pin To Net: NetName=VCC3.3 Pin=JTAG-2
Added Pin To Net: NetName=VCC3.3 Pin=R1-1
Added Pin To Net: NetName=VCC3.3 Pin=R6-1
Added Pin To Net: NetName=VCC3.3 Pin=R8-2
Added Pin To Net: NetName=VCC3.3 Pin=R11-2
Added Pin To Net: NetName=VCC3.3 Pin=R14-2
Added Pin To Net: NetName=VCC3.3 Pin=R15-2
Added Pin To Net: NetName=VCC3.3 Pin=R16-2
Added Pin To Net: NetName=VCC3.3 Pin=R17-2
Added Pin To Net: NetName=VCC3.3 Pin=TFT 2.8'-24
Added Pin To Net: NetName=VCC3.3 Pin=TFT 2.8'-25
Added Pin To Net: NetName=VCC3.3 Pin=U1-17
Added Pin To Net: NetName=VCC3.3 Pin=U1-39
Added Pin To Net: NetName=VCC3.3 Pin=U1-52
Added Pin To Net: NetName=VCC3.3 Pin=U1-62
Added Pin To Net: NetName=VCC3.3 Pin=U1-72
Added Pin To Net: NetName=VCC3.3 Pin=U1-84
Added Pin To Net: NetName=VCC3.3 Pin=U1-95
Added Pin To Net: NetName=VCC3.3 Pin=U1-108
Added Pin To Net: NetName=VCC3.3 Pin=U1-121
Added Pin To Net: NetName=VCC3.3 Pin=U1-131
Added Pin To Net: NetName=VCC3.3 Pin=U1-144
Added Pin To Net: NetName=VCC3.3 Pin=V1-1
Added Net: Name=VCC3.3
Added Pin To Net: NetName=VCC5 Pin=AMS1117-3
Added Pin To Net: NetName=VCC5 Pin=C1-2
Added Pin To Net: NetName=VCC5 Pin=C2-2
Added Pin To Net: NetName=VCC5 Pin=C6-1
Added Pin To Net: NetName=VCC5 Pin=C8-2
Added Pin To Net: NetName=VCC5 Pin=C16-2
Added Pin To Net: NetName=VCC5 Pin=R10-1
Added Pin To Net: NetName=VCC5 Pin=TFT 2.8'-28
Added Pin To Net: NetName=VCC5 Pin=U2-16
Added Net: Name=VCC5
Added Pin To Net: NetName=VDDA Pin=C18-2
Added Pin To Net: NetName=VDDA Pin=C19-2
Added Pin To Net: NetName=VDDA Pin=R11-1
Added Pin To Net: NetName=VDDA Pin=U1-33
Added Pin To Net: NetName=VDDA Pin=VREF HEADER-2
Added Net: Name=VDDA
Added Pin To Net: NetName=VREF+ Pin=U1-32
Added Pin To Net: NetName=VREF+ Pin=VREF HEADER-1
Added Net: Name=VREF+
Added Pin To Net: NetName=VREF- Pin=U1-31
Added Pin To Net: NetName=VREF- Pin=VREF HEADER-3
Added Net: Name=VREF-
Added Pin To Net: NetName=VUSB Pin=J1-2
Added Pin To Net: NetName=VUSB Pin=USB232-1
Added Pin To Net: NetName=VUSB Pin=USB-1
Added Net: Name=VUSB
Added Class: Name=STM32最小系统
Added Room: Name=STM32最小系统
