Added Component: Designator=JTAG(10x2DIP)
Added Component: Designator=P1(27X2DIP)
Added Pin To Net: NetName=VCC3.3 Pin=JTAG-1
Added Pin To Net: NetName=VCC3.3 Pin=JTAG-2
Added Pin To Net: NetName=JTRST Pin=JTAG-3
Added Pin To Net: NetName=GND Pin=JTAG-4
Added Pin To Net: NetName=JTDI Pin=JTAG-5
Added Pin To Net: NetName=GND Pin=JTAG-6
Added Pin To Net: NetName=JTMS Pin=JTAG-7
Added Pin To Net: NetName=GND Pin=JTAG-8
Added Pin To Net: NetName=JTCK Pin=JTAG-9
Added Pin To Net: NetName=GND Pin=JTAG-10
Added Pin To Net: NetName=GND Pin=JTAG-12
Added Pin To Net: NetName=JTDO Pin=JTAG-13
Added Pin To Net: NetName=GND Pin=JTAG-14
Added Pin To Net: NetName=GND Pin=JTAG-16
Added Pin To Net: NetName=GND Pin=JTAG-18
Added Pin To Net: NetName=GND Pin=JTAG-20
Added Member To Class: ClassName=STM32最小系统 Member=Component JTAG
Added Member To Class: ClassName=STM32最小系统 Member=Component P1 HEADER 27X2
Added Room: Name=STM32最小系统
